2022-05-02 04:03:23.785  INFO 66911 --- [restartedMain] rest.afproject.api.RestApiApplication    : Starting RestApiApplication using Java 1.8.0_281 on MBPdeAbrrahmane.Home with PID 66911 (/Users/abderrahmanefattouhi/Desktop/AirFrance/RestApi/target/classes started by abderrahmanefattouhi in /Users/abderrahmanefattouhi/Desktop/AirFrance/RestApi)
2022-05-02 04:03:23.786  INFO 66911 --- [restartedMain] rest.afproject.api.RestApiApplication    : No active profile set, falling back to 1 default profile: "default"
2022-05-02 04:03:23.935  INFO 66911 --- [restartedMain] .s.d.r.c.RepositoryConfigurationDelegate : Bootstrapping Spring Data JPA repositories in DEFAULT mode.
2022-05-02 04:03:23.941  INFO 66911 --- [restartedMain] .s.d.r.c.RepositoryConfigurationDelegate : Finished Spring Data repository scanning in 5 ms. Found 1 JPA repository interfaces.
2022-05-02 04:03:24.019  INFO 66911 --- [restartedMain] o.s.b.w.embedded.tomcat.TomcatWebServer  : Tomcat initialized with port(s): 8081 (http)
2022-05-02 04:03:24.019  INFO 66911 --- [restartedMain] o.apache.catalina.core.StandardService   : Starting service [Tomcat]
2022-05-02 04:03:24.020  INFO 66911 --- [restartedMain] org.apache.catalina.core.StandardEngine  : Starting Servlet engine: [Apache Tomcat/9.0.62]
2022-05-02 04:03:24.024  INFO 66911 --- [restartedMain] o.a.c.c.C.[Tomcat].[localhost].[/]       : Initializing Spring embedded WebApplicationContext
2022-05-02 04:03:24.025  INFO 66911 --- [restartedMain] w.s.c.ServletWebServerApplicationContext : Root WebApplicationContext: initialization completed in 237 ms
2022-05-02 04:03:24.051  INFO 66911 --- [restartedMain] o.hibernate.jpa.internal.util.LogHelper  : HHH000204: Processing PersistenceUnitInfo [name: default]
2022-05-02 04:03:24.054  INFO 66911 --- [restartedMain] com.zaxxer.hikari.HikariDataSource       : HikariPool-3 - Starting...
2022-05-02 04:03:24.070  INFO 66911 --- [restartedMain] com.zaxxer.hikari.HikariDataSource       : HikariPool-3 - Start completed.
2022-05-02 04:03:24.070  INFO 66911 --- [restartedMain] org.hibernate.dialect.Dialect            : HHH000400: Using dialect: org.hibernate.dialect.MySQL5Dialect
2022-05-02 04:03:24.109  INFO 66911 --- [restartedMain] o.h.e.t.j.p.i.JtaPlatformInitiator       : HHH000490: Using JtaPlatform implementation: [org.hibernate.engine.transaction.jta.platform.internal.NoJtaPlatform]
2022-05-02 04:03:24.109  INFO 66911 --- [restartedMain] j.LocalContainerEntityManagerFactoryBean : Initialized JPA EntityManagerFactory for persistence unit 'default'
2022-05-02 04:03:24.184  WARN 66911 --- [restartedMain] JpaBaseConfiguration$JpaWebConfiguration : spring.jpa.open-in-view is enabled by default. Therefore, database queries may be performed during view rendering. Explicitly configure spring.jpa.open-in-view to disable this warning
2022-05-02 04:03:24.355  WARN 66911 --- [restartedMain] ion$DefaultTemplateResolverConfiguration : Cannot find template location: classpath:/templates/ (please add some templates or check your Thymeleaf configuration)
2022-05-02 04:03:24.392  INFO 66911 --- [restartedMain] o.s.b.d.a.OptionalLiveReloadServer       : LiveReload server is running on port 35729
2022-05-02 04:03:24.402  INFO 66911 --- [restartedMain] o.s.b.w.embedded.tomcat.TomcatWebServer  : Tomcat started on port(s): 8081 (http) with context path ''
2022-05-02 04:03:24.406  INFO 66911 --- [restartedMain] rest.afproject.api.RestApiApplication    : Started RestApiApplication in 0.65 seconds (JVM running for 369.955)
2022-05-02 04:03:24.408  INFO 66911 --- [restartedMain] .ConditionEvaluationDeltaLoggingListener : Condition evaluation unchanged
2022-05-02 04:03:38.716  INFO 66911 --- [RMI TCP Connection(20)-127.0.0.1] inMXBeanRegistrar$SpringApplicationAdmin : Application shutdown requested.
2022-05-02 04:03:38.725  INFO 66911 --- [RMI TCP Connection(20)-127.0.0.1] j.LocalContainerEntityManagerFactoryBean : Closing JPA EntityManagerFactory for persistence unit 'default'
2022-05-02 04:03:38.726  INFO 66911 --- [RMI TCP Connection(20)-127.0.0.1] com.zaxxer.hikari.HikariDataSource       : HikariPool-3 - Shutdown initiated...
2022-05-02 04:03:38.732  INFO 66911 --- [RMI TCP Connection(20)-127.0.0.1] com.zaxxer.hikari.HikariDataSource       : HikariPool-3 - Shutdown completed.
2022-05-02 04:03:40.321  INFO 67568 --- [restartedMain] rest.afproject.api.RestApiApplication    : Starting RestApiApplication using Java 1.8.0_281 on MBPdeAbrrahmane.Home with PID 67568 (/Users/abderrahmanefattouhi/Desktop/AirFrance/RestApi/target/classes started by abderrahmanefattouhi in /Users/abderrahmanefattouhi/Desktop/AirFrance/RestApi)
2022-05-02 04:03:40.322  INFO 67568 --- [restartedMain] rest.afproject.api.RestApiApplication    : No active profile set, falling back to 1 default profile: "default"
2022-05-02 04:03:40.369  INFO 67568 --- [restartedMain] .e.DevToolsPropertyDefaultsPostProcessor : Devtools property defaults active! Set 'spring.devtools.add-properties' to 'false' to disable
2022-05-02 04:03:40.370  INFO 67568 --- [restartedMain] .e.DevToolsPropertyDefaultsPostProcessor : For additional web related logging consider setting the 'logging.level.web' property to 'DEBUG'
2022-05-02 04:03:40.924  INFO 67568 --- [restartedMain] .s.d.r.c.RepositoryConfigurationDelegate : Bootstrapping Spring Data JPA repositories in DEFAULT mode.
2022-05-02 04:03:40.964  INFO 67568 --- [restartedMain] .s.d.r.c.RepositoryConfigurationDelegate : Finished Spring Data repository scanning in 32 ms. Found 1 JPA repository interfaces.
2022-05-02 04:03:41.518  INFO 67568 --- [restartedMain] o.s.b.w.embedded.tomcat.TomcatWebServer  : Tomcat initialized with port(s): 8081 (http)
2022-05-02 04:03:41.528  INFO 67568 --- [restartedMain] o.apache.catalina.core.StandardService   : Starting service [Tomcat]
2022-05-02 04:03:41.528  INFO 67568 --- [restartedMain] org.apache.catalina.core.StandardEngine  : Starting Servlet engine: [Apache Tomcat/9.0.62]
2022-05-02 04:03:41.612  INFO 67568 --- [restartedMain] o.a.c.c.C.[Tomcat].[localhost].[/]       : Initializing Spring embedded WebApplicationContext
2022-05-02 04:03:41.613  INFO 67568 --- [restartedMain] w.s.c.ServletWebServerApplicationContext : Root WebApplicationContext: initialization completed in 1243 ms
2022-05-02 04:03:41.817  INFO 67568 --- [restartedMain] o.hibernate.jpa.internal.util.LogHelper  : HHH000204: Processing PersistenceUnitInfo [name: default]
2022-05-02 04:03:41.860  INFO 67568 --- [restartedMain] org.hibernate.Version                    : HHH000412: Hibernate ORM core version 5.6.8.Final
2022-05-02 04:03:42.000  INFO 67568 --- [restartedMain] o.hibernate.annotations.common.Version   : HCANN000001: Hibernate Commons Annotations {5.1.2.Final}
2022-05-02 04:03:42.087  INFO 67568 --- [restartedMain] com.zaxxer.hikari.HikariDataSource       : HikariPool-1 - Starting...
2022-05-02 04:03:42.416  INFO 67568 --- [restartedMain] com.zaxxer.hikari.HikariDataSource       : HikariPool-1 - Start completed.
2022-05-02 04:03:42.429  INFO 67568 --- [restartedMain] org.hibernate.dialect.Dialect            : HHH000400: Using dialect: org.hibernate.dialect.MySQL5Dialect
2022-05-02 04:03:42.968  INFO 67568 --- [restartedMain] o.h.e.t.j.p.i.JtaPlatformInitiator       : HHH000490: Using JtaPlatform implementation: [org.hibernate.engine.transaction.jta.platform.internal.NoJtaPlatform]
2022-05-02 04:03:42.978  INFO 67568 --- [restartedMain] j.LocalContainerEntityManagerFactoryBean : Initialized JPA EntityManagerFactory for persistence unit 'default'
2022-05-02 04:03:43.393  WARN 67568 --- [restartedMain] JpaBaseConfiguration$JpaWebConfiguration : spring.jpa.open-in-view is enabled by default. Therefore, database queries may be performed during view rendering. Explicitly configure spring.jpa.open-in-view to disable this warning
2022-05-02 04:03:43.971  WARN 67568 --- [restartedMain] ion$DefaultTemplateResolverConfiguration : Cannot find template location: classpath:/templates/ (please add some templates or check your Thymeleaf configuration)
2022-05-02 04:03:44.084  INFO 67568 --- [restartedMain] o.s.b.d.a.OptionalLiveReloadServer       : LiveReload server is running on port 35729
2022-05-02 04:03:44.122  INFO 67568 --- [restartedMain] o.s.b.w.embedded.tomcat.TomcatWebServer  : Tomcat started on port(s): 8081 (http) with context path ''
2022-05-02 04:03:44.132  INFO 67568 --- [restartedMain] rest.afproject.api.RestApiApplication    : Started RestApiApplication in 4.145 seconds (JVM running for 4.723)
2022-05-02 04:03:50.690  INFO 67568 --- [http-nio-8081-exec-1] o.a.c.c.C.[Tomcat].[localhost].[/]       : Initializing Spring DispatcherServlet 'dispatcherServlet'
2022-05-02 04:03:50.691  INFO 67568 --- [http-nio-8081-exec-1] o.s.web.servlet.DispatcherServlet        : Initializing Servlet 'dispatcherServlet'
2022-05-02 04:03:50.692  INFO 67568 --- [http-nio-8081-exec-1] o.s.web.servlet.DispatcherServlet        : Completed initialization in 1 ms
2022-05-02 04:03:50.924  INFO 67568 --- [http-nio-8081-exec-1] rest.afproject.api.web.UsersController   : Create Merthod : Check that required fileds are not empty
2022-05-02 04:04:06.644  INFO 67568 --- [Thread-7] j.LocalContainerEntityManagerFactoryBean : Closing JPA EntityManagerFactory for persistence unit 'default'
2022-05-02 04:04:06.646  INFO 67568 --- [Thread-7] com.zaxxer.hikari.HikariDataSource       : HikariPool-1 - Shutdown initiated...
2022-05-02 04:04:06.651  INFO 67568 --- [Thread-7] com.zaxxer.hikari.HikariDataSource       : HikariPool-1 - Shutdown completed.
